#
# A fatal error has been detected by the Java Runtime Environment:
#
#  Internal Error (safepoint.cpp:716), pid=62416, tid=0x0000000000009b0f
#  fatal error: Illegal threadstate encountered: 4
#
# JRE version: Java(TM) SE Runtime Environment (8.0_301-b09) (build 1.8.0_301-b09)
# Java VM: Java HotSpot(TM) 64-Bit Server VM (25.301-b09 mixed mode bsd-amd64 compressed oops)
# Failed to write core dump. Core dumps have been disabled. To enable core dumping, try "ulimit -c unlimited" before starting Java again
#
# If you would like to submit a bug report, please visit:
#   http://bugreport.java.com/bugreport/crash.jsp
# The crash happened outside the Java Virtual Machine in native code.
# See problematic frame for where to report the bug.
#

---------------  T H R E A D  ---------------

Current thread (0x00007fccb7106000):  JavaThread "Thread-1" daemon [_thread_in_native, id=39695, stack(0x000070000c3b1000,0x000070000c4b1000)]

Stack: [0x000070000c3b1000,0x000070000c4b1000],  sp=0x000070000c4afee0,  free space=1019k
Native frames: (J=compiled Java code, j=interpreted, Vv=VM code, C=native code)
V  [libjvm.dylib+0x59b49f]
V  [libjvm.dylib+0x1d377f]
V  [libjvm.dylib+0x4e7817]
V  [libjvm.dylib+0x561d2f]
V  [libjvm.dylib+0x2fd88e]
C  [libglass.dylib+0x8868]  -[GlassRunnable dealloc]+0x28
C  [Foundation+0x8210b]  -[_NSThreadPerformInfo dealloc]+0x2a
C  [Foundation+0x4edc7]  -[NSObject(NSThreadPerformAdditions) performSelectorOnMainThread:withObject:waitUntilDone:]+0x7c
j  com.sun.glass.ui.mac.MacApplication._submitForLaterInvocation(Ljava/lang/Runnable;)V+0
j  com.sun.glass.ui.mac.MacApplication.submitForLaterInvocation(Ljava/lang/Runnable;)V+2
j  com.sun.glass.ui.InvokeLaterDispatcher.run()V+82
v  ~StubRoutines::call_stub
V  [libjvm.dylib+0x2d63b3]
V  [libjvm.dylib+0x2d5216]
V  [libjvm.dylib+0x2d53f7]
V  [libjvm.dylib+0x3426e9]
V  [libjvm.dylib+0x56057a]
V  [libjvm.dylib+0x56043f]
V  [libjvm.dylib+0x48d62b]
C  [libsystem_pthread.dylib+0x6514]  _pthread_start+0x7d
C  [libsystem_pthread.dylib+0x202f]  thread_start+0xf
C  0x0000000000000000

Java frames: (J=compiled Java code, j=interpreted, Vv=VM code)
j  com.sun.glass.ui.mac.MacApplication._submitForLaterInvocation(Ljava/lang/Runnable;)V+0
j  com.sun.glass.ui.mac.MacApplication.submitForLaterInvocation(Ljava/lang/Runnable;)V+2
j  com.sun.glass.ui.InvokeLaterDispatcher.run()V+82
v  ~StubRoutines::call_stub

---------------  P R O C E S S  ---------------

Java Threads: ( => current thread )
  0x00007fccb41d3000 JavaThread "Attach Listener" daemon [_thread_blocked, id=68915, stack(0x000070000c9c9000,0x000070000cac9000)]
  0x00007fccb71b4000 JavaThread "Prism Font Disposer" daemon [_thread_blocked, id=53775, stack(0x000070000c7c0000,0x000070000c8c0000)]
  0x00007fccb514f000 JavaThread "JavaFX-Launcher" [_thread_blocked, id=77063, stack(0x000070000c6bd000,0x000070000c7bd000)]
  0x00007fccb70d9000 JavaThread "PulseTimer-CVDisplayLink thread" daemon [_thread_in_native, id=82695, stack(0x000070000c4b4000,0x000070000c534000)]
  0x00007fccb7106800 JavaThread "JavaFX Application Thread" [_thread_in_native, id=259, stack(0x00007ff7b7ead000,0x00007ff7b86ad000)]
=>0x00007fccb7106000 JavaThread "Thread-1" daemon [_thread_in_native, id=39695, stack(0x000070000c3b1000,0x000070000c4b1000)]
  0x00007fccb4844000 JavaThread "QuantumRenderer-0" daemon [_thread_blocked, id=21763, stack(0x000070000c2ae000,0x000070000c3ae000)]
  0x00007fccb3827000 JavaThread "Service Thread" daemon [_thread_blocked, id=14595, stack(0x000070000c0a8000,0x000070000c1a8000)]
  0x00007fccb381c800 JavaThread "C1 CompilerThread3" daemon [_thread_blocked, id=14339, stack(0x000070000bfa5000,0x000070000c0a5000)]
  0x00007fccb381b800 JavaThread "C2 CompilerThread2" daemon [_thread_blocked, id=16131, stack(0x000070000bea2000,0x000070000bfa2000)]
  0x00007fccb381a800 JavaThread "C2 CompilerThread1" daemon [_thread_blocked, id=16387, stack(0x000070000bd9f000,0x000070000be9f000)]
  0x00007fccb3815800 JavaThread "C2 CompilerThread0" daemon [_thread_blocked, id=16643, stack(0x000070000bc9c000,0x000070000bd9c000)]
  0x00007fccb4835800 JavaThread "Monitor Ctrl-Break" daemon [_thread_in_native, id=16899, stack(0x000070000bb99000,0x000070000bc99000)]
  0x00007fccb4812000 JavaThread "Signal Dispatcher" daemon [_thread_blocked, id=13315, stack(0x000070000ba96000,0x000070000bb96000)]
  0x00007fccb401d000 JavaThread "Finalizer" daemon [_thread_blocked, id=19715, stack(0x000070000b88d000,0x000070000b98d000)]
  0x00007fccb280f800 JavaThread "Reference Handler" daemon [_thread_blocked, id=12291, stack(0x000070000b78a000,0x000070000b88a000)]
  0x00007fccb580f000 JavaThread "main" [_thread_blocked, id=3331, stack(0x000070000ad6c000,0x000070000ae6c000)]

Other Threads:
  0x00007fccb2808800 VMThread [stack: 0x000070000b687000,0x000070000b787000] [id=11779]
  0x00007fccb4836000 WatcherThread [stack: 0x000070000c1ab000,0x000070000c2ab000] [id=14851]

VM state:not at safepoint (normal execution)

VM Mutex/Monitor currently owned by a thread: None

heap address: 0x00000006c0000000, size: 4096 MB, Compressed Oops mode: Zero based, Oop shift amount: 3
Narrow klass base: 0x0000000000000000, Narrow klass shift: 3
Compressed class space size: 1073741824 Address: 0x00000007c0000000

Heap:
 PSYoungGen      total 76288K, used 61072K [0x000000076ab00000, 0x0000000770000000, 0x00000007c0000000)
  eden space 65536K, 93% used [0x000000076ab00000,0x000000076e6a41c0,0x000000076eb00000)
  from space 10752K, 0% used [0x000000076f580000,0x000000076f580000,0x0000000770000000)
  to   space 10752K, 0% used [0x000000076eb00000,0x000000076eb00000,0x000000076f580000)
 ParOldGen       total 175104K, used 0K [0x00000006c0000000, 0x00000006cab00000, 0x000000076ab00000)
  object space 175104K, 0% used [0x00000006c0000000,0x00000006c0000000,0x00000006cab00000)
 Metaspace       used 16428K, capacity 17094K, committed 17152K, reserved 1064960K
  class space    used 2270K, capacity 2513K, committed 2560K, reserved 1048576K

Card table byte_map: [0x0000000107e36000,0x0000000108637000] byte_map_base: 0x0000000104836000

Marking Bits: (ParMarkBitMap*) 0x0000000108e7d298
 Begin Bits: [0x000000011f153000, 0x0000000123153000)
 End Bits:   [0x0000000123153000, 0x0000000127153000)

Polling page: 0x000000010798c000

CodeCache: size=245760Kb used=7703Kb max_used=7712Kb free=238056Kb
 bounds [0x0000000110153000, 0x00000001108e3000, 0x000000011f153000]
 total_blobs=3103 nmethods=2459 adapters=556
 compilation: enabled

Compilation events (10 events):
Event: 4.101 Thread 0x00007fccb381c800 2454       3       javafx.scene.layout.Region::getMaxHeight (22 bytes)
Event: 4.101 Thread 0x00007fccb381c800 nmethod 2454 0x00000001108d8e90 code [0x00000001108d9020, 0x00000001108d93e8]
Event: 4.117 Thread 0x00007fccb381c800 2455       3       sun.misc.FloatingDecimal$BinaryToASCIIBuffer::roundup (104 bytes)
Event: 4.118 Thread 0x00007fccb381c800 nmethod 2455 0x00000001108d9510 code [0x00000001108d96a0, 0x00000001108d9a10]
Event: 4.118 Thread 0x00007fccb381c800 2456       3       javafx.geometry.BoundingBox::<init> (20 bytes)
Event: 4.118 Thread 0x00007fccb381c800 nmethod 2456 0x00000001108d9b90 code [0x00000001108d9d00, 0x00000001108d9ea8]
Event: 4.118 Thread 0x00007fccb381c800 2457       3       javafx.scene.shape.Rectangle::impl_updatePeer (57 bytes)
Event: 4.121 Thread 0x00007fccb381c800 nmethod 2457 0x00000001108d9f90 code [0x00000001108da260, 0x00000001108dbcb8]
Event: 4.121 Thread 0x00007fccb381c800 2458       3       com.sun.javafx.sg.prism.NGRectangle::updateRectangle (56 bytes)
Event: 4.121 Thread 0x00007fccb381c800 nmethod 2458 0x00000001108dc690 code [0x00000001108dc800, 0x00000001108dca28]

GC Heap History (0 events):
No events

Deoptimization events (10 events):
Event: 3.059 Thread 0x00007fccb7106800 Uncommon trap: reason=class_check action=maybe_recompile pc=0x000000011078dee4 method=javafx.scene.Node.updateLocalToParentTransform()V @ 11
Event: 3.060 Thread 0x00007fccb7106800 Uncommon trap: reason=class_check action=maybe_recompile pc=0x000000011078dee4 method=javafx.scene.Node.updateLocalToParentTransform()V @ 11
Event: 3.060 Thread 0x00007fccb7106800 Uncommon trap: reason=unstable_if action=reinterpret pc=0x00000001107c01d0 method=com.sun.javafx.geom.transform.AffineBase.calculateType()I @ 513
Event: 3.060 Thread 0x00007fccb7106800 Uncommon trap: reason=unstable_if action=reinterpret pc=0x000000011077854c method=com.sun.javafx.geom.RectBounds.deriveWithNewBounds(Lcom/sun/javafx/geom/BaseBounds;)Lcom/sun/javafx/geom/BaseBounds; @ 4
Event: 3.061 Thread 0x00007fccb4844000 Uncommon trap: reason=unstable_if action=reinterpret pc=0x00000001106d7ffc method=com.sun.javafx.geom.transform.AffineBase.updateState2D()V @ 6
Event: 3.064 Thread 0x00007fccb4844000 Uncommon trap: reason=null_check action=make_not_entrant pc=0x00000001106d2cd4 method=com.sun.prism.es2.ES2Shader.getUniform(Ljava/lang/String;)Lcom/sun/prism/es2/ES2Shader$Uniform; @ 10
Event: 3.064 Thread 0x00007fccb4844000 Uncommon trap: reason=null_check action=make_not_entrant pc=0x00000001107879ec method=com.sun.prism.es2.ES2Shader.getUniform(Ljava/lang/String;)Lcom/sun/prism/es2/ES2Shader$Uniform; @ 10
Event: 3.064 Thread 0x00007fccb4844000 Uncommon trap: reason=unstable_if action=reinterpret pc=0x00000001107bb714 method=com.sun.javafx.geom.transform.AffineBase.updateState2D()V @ 6
Event: 3.073 Thread 0x00007fccb4844000 Uncommon trap: reason=unstable_if action=reinterpret pc=0x00000001106b1300 method=com.sun.javafx.geom.transform.AffineBase.updateState2D()V @ 6
Event: 3.073 Thread 0x00007fccb4844000 Uncommon trap: reason=unstable_if action=reinterpret pc=0x00000001106dea90 method=com.sun.javafx.geom.transform.AffineBase.updateState2D()V @ 6

Classes redefined (0 events):
No events

Internal exceptions (10 events):
Event: 0.176 Thread 0x00007fccb580f000 Exception <a 'java/security/PrivilegedActionException'> (0x000000076b0e2958) thrown at [/System/Volumes/Data/jenkins/workspace/8-2-build-macosx-x86_64/jdk8u301/1513/hotspot/src/share/vm/prims/jvm.cpp, line 1523]
Event: 0.176 Thread 0x00007fccb580f000 Exception <a 'java/security/PrivilegedActionException'> (0x000000076b0e2b68) thrown at [/System/Volumes/Data/jenkins/workspace/8-2-build-macosx-x86_64/jdk8u301/1513/hotspot/src/share/vm/prims/jvm.cpp, line 1523]
Event: 0.176 Thread 0x00007fccb580f000 Exception <a 'java/security/PrivilegedActionException'> (0x000000076b0e5e98) thrown at [/System/Volumes/Data/jenkins/workspace/8-2-build-macosx-x86_64/jdk8u301/1513/hotspot/src/share/vm/prims/jvm.cpp, line 1523]
Event: 0.176 Thread 0x00007fccb580f000 Exception <a 'java/security/PrivilegedActionException'> (0x000000076b0e60a8) thrown at [/System/Volumes/Data/jenkins/workspace/8-2-build-macosx-x86_64/jdk8u301/1513/hotspot/src/share/vm/prims/jvm.cpp, line 1523]
Event: 0.177 Thread 0x00007fccb580f000 Exception <a 'java/lang/NullPointerException'> (0x000000076b0e6ab0) thrown at [/System/Volumes/Data/jenkins/workspace/8-2-build-macosx-x86_64/jdk8u301/1513/hotspot/src/share/vm/interpreter/linkResolver.cpp, line 1185]
Event: 0.484 Thread 0x00007fccb7106800 Exception <a 'java/lang/NullPointerException'> (0x000000076bf2eba8) thrown at [/System/Volumes/Data/jenkins/workspace/8-2-build-macosx-x86_64/jdk8u301/1513/hotspot/src/share/vm/interpreter/linkResolver.cpp, line 1185]
Event: 0.484 Thread 0x00007fccb7106800 Exception <a 'java/lang/NullPointerException'> (0x000000076bf2eba8) thrown at [/System/Volumes/Data/jenkins/workspace/8-2-build-macosx-x86_64/jdk8u301/1513/hotspot/src/share/vm/prims/jvm.cpp, line 1527]
Event: 0.936 Thread 0x00007fccb7106800 Implicit null exception at 0x00000001104b64af to 0x00000001104b7b21
Event: 3.064 Thread 0x00007fccb4844000 Implicit null exception at 0x00000001106d29e8 to 0x00000001106d2cc5
Event: 3.064 Thread 0x00007fccb4844000 Implicit null exception at 0x0000000110785a9e to 0x00000001107879ba

Events (10 events):
Event: 3.073 Thread 0x00007fccb4844000 DEOPT UNPACKING pc=0x000000011019873a sp=0x000070000c3abe18 mode 2
Event: 3.134 loading class com/sun/javafx/geom/EllipseIterator
Event: 3.134 loading class com/sun/javafx/geom/EllipseIterator done
Event: 3.134 Executing VM operation: Deoptimize
Event: 3.134 Executing VM operation: Deoptimize done
Event: 3.135 Thread 0x00007fccb7106800 DEOPT PACKING pc=0x00000001106dadf4 sp=0x00007ff7b86a6ac0
Event: 3.135 Thread 0x00007fccb7106800 DEOPT UNPACKING pc=0x000000011019a784 sp=0x00007ff7b86a6850 mode 0
Event: 3.268 Thread 0x00007fccb4844000 DEOPT PACKING pc=0x000000011069ba65 sp=0x000070000c3abd80
Event: 3.268 Thread 0x00007fccb4844000 DEOPT UNPACKING pc=0x000000011019a784 sp=0x000070000c3abb38 mode 0
Event: 4.154 Executing VM operation: EnableBiasedLocking


Dynamic libraries:
0x00007ff818b1d000 	/System/Library/Frameworks/Cocoa.framework/Versions/A/Cocoa
0x00007ff80495b000 	/System/Library/Frameworks/AppKit.framework/Versions/C/AppKit
0x00007ff807e48000 	/System/Library/Frameworks/CoreData.framework/Versions/A/CoreData
0x00007ff802d76000 	/System/Library/Frameworks/Foundation.framework/Versions/C/Foundation
0x00007ff80ccbd000 	/usr/lib/libSystem.B.dylib
0x00007ff8057e8000 	/System/Library/PrivateFrameworks/UIFoundation.framework/Versions/A/UIFoundation
0x00007ff812af5000 	/System/Library/PrivateFrameworks/RemoteViewServices.framework/Versions/A/RemoteViewServices
0x00007ff80ae69000 	/System/Library/PrivateFrameworks/XCTTargetBootstrap.framework/Versions/A/XCTTargetBootstrap
0x00007ff80eacc000 	/System/Library/PrivateFrameworks/InternationalSupport.framework/Versions/A/InternationalSupport
0x00007ff80eb56000 	/System/Library/PrivateFrameworks/UserActivity.framework/Versions/A/UserActivity
0x00007ff80deac000 	/usr/lib/libspindump.dylib
0x00007ff805a76000 	/System/Library/Frameworks/UniformTypeIdentifiers.framework/Versions/A/UniformTypeIdentifiers
0x00007ff8095a8000 	/usr/lib/libapp_launch_measurement.dylib
0x00007ff808812000 	/System/Library/PrivateFrameworks/CoreAnalytics.framework/Versions/A/CoreAnalytics
0x00007ff8095ab000 	/System/Library/PrivateFrameworks/CoreAutoLayout.framework/Versions/A/CoreAutoLayout
0x00007ff80a7ca000 	/System/Library/Frameworks/Metal.framework/Versions/A/Metal
0x00007ff80b4df000 	/usr/lib/liblangid.dylib
0x00007ff80ae6d000 	/System/Library/PrivateFrameworks/CoreSVG.framework/Versions/A/CoreSVG
0x00007ff806e38000 	/System/Library/PrivateFrameworks/SkyLight.framework/Versions/A/SkyLight
0x00007ff8071c9000 	/System/Library/Frameworks/CoreGraphics.framework/Versions/A/CoreGraphics
0x00007ff813160000 	/System/Library/Frameworks/Accelerate.framework/Versions/A/Accelerate
0x00007ff80d927000 	/System/Library/PrivateFrameworks/IconServices.framework/Versions/A/IconServices
0x00007ff80a7af000 	/System/Library/Frameworks/IOSurface.framework/Versions/A/IOSurface
0x00007ff808840000 	/usr/lib/libDiagnosticMessagesClient.dylib
0x00007ff80cbdd000 	/usr/lib/libz.1.dylib
0x00007ff8167bf000 	/System/Library/Frameworks/ApplicationServices.framework/Versions/A/ApplicationServices
0x00007ff80ae55000 	/System/Library/PrivateFrameworks/DFRFoundation.framework/Versions/A/DFRFoundation
0x00007ff80424c000 	/usr/lib/libicucore.A.dylib
0x00007ff80f7ee000 	/System/Library/Frameworks/AudioToolbox.framework/Versions/A/AudioToolbox
0x00007ff80ead8000 	/System/Library/PrivateFrameworks/DataDetectorsCore.framework/Versions/A/DataDetectorsCore
0x00007ff90a31e000 	/System/Library/PrivateFrameworks/TextInput.framework/Versions/A/TextInput
0x00007ff806dbb000 	/usr/lib/libMobileGestalt.dylib
0x00007ff80ab5d000 	/System/Library/Frameworks/Carbon.framework/Versions/A/Frameworks/HIToolbox.framework/Versions/A/HIToolbox
0x00007ff808fd6000 	/System/Library/Frameworks/QuartzCore.framework/Versions/A/QuartzCore
0x00007ff803eed000 	/System/Library/Frameworks/Security.framework/Versions/A/Security
0x00007ff812b2d000 	/System/Library/Frameworks/Carbon.framework/Versions/A/Frameworks/SpeechRecognition.framework/Versions/A/SpeechRecognition
0x00007ff809308000 	/System/Library/PrivateFrameworks/CoreUI.framework/Versions/A/CoreUI
0x00007ff8037c7000 	/System/Library/Frameworks/CoreAudio.framework/Versions/A/CoreAudio
0x00007ff80892e000 	/System/Library/Frameworks/DiskArbitration.framework/Versions/A/DiskArbitration
0x00007ff80e293000 	/System/Library/PrivateFrameworks/MultitouchSupport.framework/Versions/A/MultitouchSupport
0x00007ff806dba000 	/usr/lib/libenergytrace.dylib
0x00007ff804847000 	/System/Library/Frameworks/IOKit.framework/Versions/A/IOKit
0x00007ff812f17000 	/System/Library/Frameworks/CoreServices.framework/Versions/A/CoreServices
0x00007ff809542000 	/System/Library/PrivateFrameworks/PerformanceAnalysis.framework/Versions/A/PerformanceAnalysis
0x00007ffa198df000 	/System/Library/Frameworks/OpenGL.framework/Versions/A/OpenGL
0x00007ff80c215000 	/System/Library/PrivateFrameworks/MobileKeyBag.framework/Versions/A/MobileKeyBag
0x00007ff801d37000 	/usr/lib/libobjc.A.dylib
0x00007ff807895000 	/System/Library/Frameworks/ColorSync.framework/Versions/A/ColorSync
0x00007ff801ef0000 	/System/Library/Frameworks/CoreFoundation.framework/Versions/A/CoreFoundation
0x00007ff80b0e6000 	/System/Library/Frameworks/CoreImage.framework/Versions/A/CoreImage
0x00007ff8035dd000 	/System/Library/Frameworks/CoreText.framework/Versions/A/CoreText
0x00007ff80ae9c000 	/System/Library/Frameworks/ImageIO.framework/Versions/A/ImageIO
0x00007ff80ccc3000 	/System/Library/PrivateFrameworks/SoftLinking.framework/Versions/A/SoftLinking
0x00007ff8095f3000 	/usr/lib/libxml2.2.dylib
0x00007ff801dfd000 	/usr/lib/libc++.1.dylib
0x00007ff80cf46000 	/usr/lib/libcompression.dylib
0x00007ff80ea02000 	/System/Library/PrivateFrameworks/TextureIO.framework/Versions/A/TextureIO
0x00007ff80d639000 	/usr/lib/libate.dylib
0x00007ff80ccb8000 	/usr/lib/system/libcache.dylib
0x00007ff80cc74000 	/usr/lib/system/libcommonCrypto.dylib
0x00007ff80cc9d000 	/usr/lib/system/libcompiler_rt.dylib
0x00007ff80cc93000 	/usr/lib/system/libcopyfile.dylib
0x00007ff801c31000 	/usr/lib/system/libcorecrypto.dylib
0x00007ff801cf0000 	/usr/lib/system/libdispatch.dylib
0x00007ff801eaf000 	/usr/lib/system/libdyld.dylib
0x00007ff80ccaf000 	/usr/lib/system/libkeymgr.dylib
0x00007ff80cc52000 	/usr/lib/system/libmacho.dylib
0x00007ff80c2e9000 	/usr/lib/system/libquarantine.dylib
0x00007ff80ccad000 	/usr/lib/system/libremovefile.dylib
0x00007ff806e07000 	/usr/lib/system/libsystem_asl.dylib
0x00007ff801bdf000 	/usr/lib/system/libsystem_blocks.dylib
0x00007ff801d74000 	/usr/lib/system/libsystem_c.dylib
0x00007ff80cca5000 	/usr/lib/system/libsystem_collections.dylib
0x00007ff80b4d0000 	/usr/lib/system/libsystem_configuration.dylib
0x00007ff80a792000 	/usr/lib/system/libsystem_containermanager.dylib
0x00007ff80c991000 	/usr/lib/system/libsystem_coreservices.dylib
0x00007ff8044d5000 	/usr/lib/system/libsystem_darwin.dylib
0x00007ff80ccb0000 	/usr/lib/system/libsystem_dnssd.dylib
0x00007ff801d71000 	/usr/lib/system/libsystem_featureflags.dylib
0x00007ff801ec5000 	/usr/lib/system/libsystem_info.dylib
0x00007ff80cbf0000 	/usr/lib/system/libsystem_m.dylib
0x00007ff801cc4000 	/usr/lib/system/libsystem_malloc.dylib
0x00007ff806da4000 	/usr/lib/system/libsystem_networkextension.dylib
0x00007ff8048fd000 	/usr/lib/system/libsystem_notify.dylib
0x00007ff812dee000 	/usr/lib/system/libsystem_product_info_filter.dylib
0x00007ff80b4d4000 	/usr/lib/system/libsystem_sandbox.dylib
0x00007ff80ccaa000 	/usr/lib/system/libsystem_secinit.dylib
0x00007ff801e6c000 	/usr/lib/system/libsystem_kernel.dylib
0x00007ff801ebb000 	/usr/lib/system/libsystem_platform.dylib
0x00007ff801ea3000 	/usr/lib/system/libsystem_pthread.dylib
0x00007ff808658000 	/usr/lib/system/libsystem_symptoms.dylib
0x00007ff801c18000 	/usr/lib/system/libsystem_trace.dylib
0x00007ff80cc80000 	/usr/lib/system/libunwind.dylib
0x00007ff801be1000 	/usr/lib/system/libxpc.dylib
0x00007ff801e56000 	/usr/lib/libc++abi.dylib
0x00007ff80cc8b000 	/usr/lib/liboah.dylib
0x00007ff80d417000 	/usr/lib/liblzma.5.dylib
0x00007ff802a87000 	/System/Library/Frameworks/SystemConfiguration.framework/Versions/A/SystemConfiguration
0x00007ff80ccbf000 	/usr/lib/libfakelink.dylib
0x00007ff80690e000 	/System/Library/Frameworks/CFNetwork.framework/Versions/A/CFNetwork
0x00007ff80cdfe000 	/usr/lib/libarchive.2.dylib
0x00007ff80b4db000 	/System/Library/PrivateFrameworks/AppleSystemInfo.framework/Versions/A/AppleSystemInfo
0x00007ff80c30f000 	/usr/lib/libbsm.0.dylib
0x00007ff805f45000 	/usr/lib/libnetwork.dylib
0x00007ff80cc58000 	/usr/lib/system/libkxld.dylib
0x00007ff80bf3e000 	/System/Library/PrivateFrameworks/IOMobileFramebuffer.framework/Versions/A/IOMobileFramebuffer
0x00007ffb173c8000 	/usr/lib/libCoreEntitlements.dylib
0x00007ff80c973000 	/System/Library/PrivateFrameworks/AppleFSCompression.framework/Versions/A/AppleFSCompression
0x00007ff80c2f8000 	/usr/lib/libcoretls.dylib
0x00007ff80d431000 	/usr/lib/libcoretls_cfhelpers.dylib
0x00007ff80cf41000 	/usr/lib/libpam.2.dylib
0x00007ff80827a000 	/usr/lib/libsqlite3.dylib
0x00007ff80d4a0000 	/usr/lib/libxar.1.dylib
0x00007ff80c983000 	/usr/lib/libbz2.1.0.dylib
0x00007ff80ccc4000 	/usr/lib/libpcap.A.dylib
0x00007ff80864f000 	/usr/lib/libdns_services.dylib
0x00007ff80cf10000 	/usr/lib/libapple_nghttp2.dylib
0x00007ff80ccfb000 	/usr/lib/libiconv.2.dylib
0x00007ff80cc51000 	/usr/lib/libcharset.1.dylib
0x00007ff809576000 	/System/Library/Frameworks/CoreServices.framework/Versions/A/Frameworks/FSEvents.framework/Versions/A/FSEvents
0x00007ff8044df000 	/System/Library/Frameworks/CoreServices.framework/Versions/A/Frameworks/CarbonCore.framework/Versions/A/CarbonCore
0x00007ff808893000 	/System/Library/Frameworks/CoreServices.framework/Versions/A/Frameworks/Metadata.framework/Versions/A/Metadata
0x00007ff80c996000 	/System/Library/Frameworks/CoreServices.framework/Versions/A/Frameworks/OSServices.framework/Versions/A/OSServices
0x00007ff80ce84000 	/System/Library/Frameworks/CoreServices.framework/Versions/A/Frameworks/SearchKit.framework/Versions/A/SearchKit
0x00007ff8085e1000 	/System/Library/Frameworks/CoreServices.framework/Versions/A/Frameworks/AE.framework/Versions/A/AE
0x00007ff8023f3000 	/System/Library/Frameworks/CoreServices.framework/Versions/A/Frameworks/LaunchServices.framework/Versions/A/LaunchServices
0x00007ff80d3c8000 	/System/Library/Frameworks/CoreServices.framework/Versions/A/Frameworks/DictionaryServices.framework/Versions/A/DictionaryServices
0x00007ff809583000 	/System/Library/Frameworks/CoreServices.framework/Versions/A/Frameworks/SharedFileList.framework/Versions/A/SharedFileList
0x00007ff80c2ec000 	/usr/lib/libCheckFix.dylib
0x00007ff806e1e000 	/System/Library/PrivateFrameworks/TCC.framework/Versions/A/TCC
0x00007ff80b4e1000 	/System/Library/PrivateFrameworks/CoreNLP.framework/Versions/A/CoreNLP
0x00007ff808843000 	/System/Library/PrivateFrameworks/MetadataUtilities.framework/Versions/A/MetadataUtilities
0x00007ff802b37000 	/usr/lib/libmecabra.dylib
0x00007ff80c31f000 	/usr/lib/libmecab.dylib
0x00007ff802b02000 	/usr/lib/libCRFSuite.dylib
0x00007ff80c37c000 	/usr/lib/libgermantok.dylib
0x00007ff80ceeb000 	/usr/lib/libThaiTokenizer.dylib
0x00007ff808935000 	/System/Library/Frameworks/Accelerate.framework/Versions/A/Frameworks/vImage.framework/Versions/A/vImage
0x00007ff812eee000 	/System/Library/Frameworks/Accelerate.framework/Versions/A/Frameworks/vecLib.framework/Versions/A/vecLib
0x00007ff80d4e1000 	/System/Library/Frameworks/Accelerate.framework/Versions/A/Frameworks/vecLib.framework/Versions/A/libvMisc.dylib
0x00007ff80bd5c000 	/System/Library/Frameworks/Accelerate.framework/Versions/A/Frameworks/vecLib.framework/Versions/A/libvDSP.dylib
0x00007ff80276b000 	/System/Library/Frameworks/Accelerate.framework/Versions/A/Frameworks/vecLib.framework/Versions/A/libBLAS.dylib
0x00007ff80d022000 	/System/Library/Frameworks/Accelerate.framework/Versions/A/Frameworks/vecLib.framework/Versions/A/libLAPACK.dylib
0x00007ff80c37f000 	/System/Library/Frameworks/Accelerate.framework/Versions/A/Frameworks/vecLib.framework/Versions/A/libLinearAlgebra.dylib
0x00007ff80cf29000 	/System/Library/Frameworks/Accelerate.framework/Versions/A/Frameworks/vecLib.framework/Versions/A/libSparseBLAS.dylib
0x00007ff80d01c000 	/System/Library/Frameworks/Accelerate.framework/Versions/A/Frameworks/vecLib.framework/Versions/A/libQuadrature.dylib
0x00007ff80b5cb000 	/System/Library/Frameworks/Accelerate.framework/Versions/A/Frameworks/vecLib.framework/Versions/A/libBNNS.dylib
0x00007ff802a18000 	/System/Library/Frameworks/Accelerate.framework/Versions/A/Frameworks/vecLib.framework/Versions/A/libSparse.dylib
0x00007ff80b5c4000 	/System/Library/PrivateFrameworks/LinguisticData.framework/Versions/A/LinguisticData
0x00007ff8029cd000 	/System/Library/PrivateFrameworks/Lexicon.framework/Versions/A/Lexicon
0x00007ff80d4da000 	/usr/lib/libChineseTokenizer.dylib
0x00007ff803131000 	/System/Library/PrivateFrameworks/LanguageModeling.framework/Versions/A/LanguageModeling
0x00007ff80ceed000 	/System/Library/PrivateFrameworks/AppleSauce.framework/Versions/A/AppleSauce
0x00007ff80bf2c000 	/System/Library/PrivateFrameworks/CoreEmoji.framework/Versions/A/CoreEmoji
0x00007ff80cded000 	/usr/lib/libcmph.dylib
0x00007ff80955a000 	/System/Library/Frameworks/OpenDirectory.framework/Versions/A/Frameworks/CFOpenDirectory.framework/Versions/A/CFOpenDirectory
0x00007ff80954e000 	/System/Library/Frameworks/OpenDirectory.framework/Versions/A/OpenDirectory
0x00007ff80d433000 	/System/Library/PrivateFrameworks/APFS.framework/Versions/A/APFS
0x00007ff80c24d000 	/System/Library/Frameworks/SecurityFoundation.framework/Versions/A/SecurityFoundation
0x00007ff80d4ae000 	/usr/lib/libutil.dylib
0x00007ff80480a000 	/System/Library/PrivateFrameworks/CoreServicesStore.framework/Versions/A/CoreServicesStore
0x00007ff80d4b2000 	/usr/lib/libxslt.1.dylib
0x00007ff80c2da000 	/System/Library/PrivateFrameworks/BackgroundTaskManagement.framework/Versions/A/BackgroundTaskManagement
0x00007ff80e922000 	/System/Library/Frameworks/ImageIO.framework/Versions/A/Resources/libRadiance.dylib
0x00007ff80e92b000 	/System/Library/Frameworks/ImageIO.framework/Versions/A/Resources/libJPEG.dylib
0x00007ff80e87b000 	/System/Library/Frameworks/ImageIO.framework/Versions/A/Resources/libPng.dylib
0x00007ff80e89c000 	/System/Library/Frameworks/ImageIO.framework/Versions/A/Resources/libTIFF.dylib
0x00007ff80e98b000 	/System/Library/Frameworks/ImageIO.framework/Versions/A/Resources/libGIF.dylib
0x00007ff80e1ac000 	/System/Library/Frameworks/ImageIO.framework/Versions/A/Resources/libJP2.dylib
0x00007ff80d8ee000 	/usr/lib/libexpat.1.dylib
0x00007ff80e161000 	/System/Library/PrivateFrameworks/AppleJPEG.framework/Versions/A/AppleJPEG
0x00007ff80aa24000 	/System/Library/PrivateFrameworks/FontServices.framework/libFontParser.dylib
0x00007ff80858b000 	/System/Library/PrivateFrameworks/RunningBoardServices.framework/Versions/A/RunningBoardServices
0x00007ff81908e000 	/System/Library/PrivateFrameworks/IOSurfaceAccelerator.framework/Versions/A/IOSurfaceAccelerator
0x00007ff80e28f000 	/System/Library/PrivateFrameworks/WatchdogClient.framework/Versions/A/WatchdogClient
0x00007ff803220000 	/System/Library/Frameworks/CoreDisplay.framework/Versions/A/CoreDisplay
0x00007ff80a924000 	/System/Library/Frameworks/CoreMedia.framework/Versions/A/CoreMedia
0x00007ff80a7c1000 	/System/Library/PrivateFrameworks/IOAccelerator.framework/Versions/A/IOAccelerator
0x00007ff8096d6000 	/System/Library/Frameworks/CoreVideo.framework/Versions/A/CoreVideo
0x00007ff80cf3f000 	/System/Library/Frameworks/MetalPerformanceShaders.framework/Versions/A/MetalPerformanceShaders
0x00007ff80e2ca000 	/System/Library/Frameworks/VideoToolbox.framework/Versions/A/VideoToolbox
0x00007ff8084d3000 	/System/Library/PrivateFrameworks/BaseBoard.framework/Versions/A/BaseBoard
0x00007ff808260000 	/System/Library/PrivateFrameworks/ProtocolBuffer.framework/Versions/A/ProtocolBuffer
0x00007ff80e91b000 	/System/Library/PrivateFrameworks/GPUWrangler.framework/Versions/A/GPUWrangler
0x00007ff80e8fe000 	/System/Library/PrivateFrameworks/IOPresentment.framework/Versions/A/IOPresentment
0x00007ff80e925000 	/System/Library/PrivateFrameworks/DSExternalDisplay.framework/Versions/A/DSExternalDisplay
0x00007ffa198d3000 	/System/Library/Frameworks/OpenGL.framework/Versions/A/Libraries/libCoreFSCache.dylib
0x00007ffb059c7000 	/System/Library/PrivateFrameworks/GPUCompiler.framework/Versions/31001/Libraries/libGPUCompilerUtils.dylib
0x00007ff80e990000 	/System/Library/PrivateFrameworks/CMCaptureCore.framework/Versions/A/CMCaptureCore
0x00007ff80de9a000 	/System/Library/PrivateFrameworks/AppServerSupport.framework/Versions/A/AppServerSupport
0x00007ff81006b000 	/System/Library/PrivateFrameworks/perfdata.framework/Versions/A/perfdata
0x00007ff80334c000 	/System/Library/PrivateFrameworks/AudioToolboxCore.framework/Versions/A/AudioToolboxCore
0x00007ff80a901000 	/System/Library/PrivateFrameworks/caulk.framework/Versions/A/caulk
0x00007ff80f998000 	/usr/lib/libAudioStatistics.dylib
0x00007ff906bdd000 	/System/Library/PrivateFrameworks/SystemPolicy.framework/Versions/A/SystemPolicy
0x00007ff80fbe4000 	/usr/lib/libSMC.dylib
0x00007ff8189d0000 	/System/Library/Frameworks/CoreMIDI.framework/Versions/A/CoreMIDI
0x00007ff80e84b000 	/usr/lib/libAudioToolboxUtility.dylib
0x00007ff903065000 	/System/Library/PrivateFrameworks/OSAServicesClient.framework/Versions/A/OSAServicesClient
0x00007ff810078000 	/usr/lib/libperfcheck.dylib
0x00007ff907669000 	/usr/lib/libmis.dylib
0x00007ffa1992f000 	/System/Library/Frameworks/OpenGL.framework/Versions/A/Libraries/libGLU.dylib
0x00007ffa198f2000 	/System/Library/Frameworks/OpenGL.framework/Versions/A/Libraries/libGFXShared.dylib
0x00007ffa19b00000 	/System/Library/Frameworks/OpenGL.framework/Versions/A/Libraries/libGL.dylib
0x00007ffa198fb000 	/System/Library/Frameworks/OpenGL.framework/Versions/A/Libraries/libGLImage.dylib
0x00007ffa198ef000 	/System/Library/Frameworks/OpenGL.framework/Versions/A/Libraries/libCVMSPluginSupport.dylib
0x00007ffa198da000 	/System/Library/Frameworks/OpenGL.framework/Versions/A/Libraries/libCoreVMClient.dylib
0x00007ff80b45f000 	/System/Library/Frameworks/MetalPerformanceShaders.framework/Versions/A/Frameworks/MPSCore.framework/Versions/A/MPSCore
0x00007ff80c8de000 	/System/Library/Frameworks/MetalPerformanceShaders.framework/Versions/A/Frameworks/MPSImage.framework/Versions/A/MPSImage
0x00007ff80c395000 	/System/Library/Frameworks/MetalPerformanceShaders.framework/Versions/A/Frameworks/MPSNeuralNetwork.framework/Versions/A/MPSNeuralNetwork
0x00007ff80c80a000 	/System/Library/Frameworks/MetalPerformanceShaders.framework/Versions/A/Frameworks/MPSMatrix.framework/Versions/A/MPSMatrix
0x00007ff80c5c6000 	/System/Library/Frameworks/MetalPerformanceShaders.framework/Versions/A/Frameworks/MPSRayIntersector.framework/Versions/A/MPSRayIntersector
0x00007ff80c843000 	/System/Library/Frameworks/MetalPerformanceShaders.framework/Versions/A/Frameworks/MPSNDArray.framework/Versions/A/MPSNDArray
0x00007ffa1e4d8000 	/System/Library/Frameworks/MetalPerformanceShaders.framework/Versions/A/Frameworks/MPSFunctions.framework/Versions/A/MPSFunctions
0x00007ff80264e000 	/System/Library/PrivateFrameworks/MetalTools.framework/Versions/A/MetalTools
0x00007ff80b4d9000 	/System/Library/PrivateFrameworks/AggregateDictionary.framework/Versions/A/AggregateDictionary
0x00007ff80d6d0000 	/usr/lib/libIOReport.dylib
0x00007ffa1af0f000 	/System/Library/Frameworks/OpenCL.framework/Versions/A/OpenCL
0x00007ff80da34000 	/System/Library/PrivateFrameworks/FaceCore.framework/Versions/A/FaceCore
0x00007ff80da25000 	/System/Library/PrivateFrameworks/GraphVisualizer.framework/Versions/A/GraphVisualizer
0x00007ffb058d2000 	/System/Library/PrivateFrameworks/FontServices.framework/Versions/A/FontServices
0x00007ff80de51000 	/System/Library/PrivateFrameworks/OTSVG.framework/Versions/A/OTSVG
0x00007ff8092be000 	/System/Library/Frameworks/ApplicationServices.framework/Versions/A/Frameworks/ATS.framework/Versions/A/Resources/libFontRegistry.dylib
0x00007ff80dea2000 	/System/Library/PrivateFrameworks/FontServices.framework/libhvf.dylib
0x00007ffb058d3000 	/System/Library/PrivateFrameworks/FontServices.framework/libXTFontStaticRegistryData.dylib
0x00007ff80d89e000 	/System/Library/PrivateFrameworks/AppleVA.framework/Versions/A/AppleVA
0x00007ff80f9b8000 	/System/Library/Frameworks/ApplicationServices.framework/Versions/A/Frameworks/ATS.framework/Versions/A/ATS
0x00007ff807991000 	/System/Library/Frameworks/ApplicationServices.framework/Versions/A/Frameworks/HIServices.framework/Versions/A/HIServices
0x00007ff80e99a000 	/System/Library/Frameworks/ApplicationServices.framework/Versions/A/Frameworks/PrintCore.framework/Versions/A/PrintCore
0x00007ff80fd37000 	/System/Library/Frameworks/ApplicationServices.framework/Versions/A/Frameworks/QD.framework/Versions/A/QD
0x00007ff80fd2f000 	/System/Library/Frameworks/ApplicationServices.framework/Versions/A/Frameworks/ColorSyncLegacy.framework/Versions/A/ColorSyncLegacy
0x00007ff80f9a8000 	/System/Library/Frameworks/ApplicationServices.framework/Versions/A/Frameworks/SpeechSynthesis.framework/Versions/A/SpeechSynthesis
0x00007ff80e95b000 	/System/Library/Frameworks/ApplicationServices.framework/Versions/A/Frameworks/ATSUI.framework/Versions/A/ATSUI
0x00007ff80fcc4000 	/usr/lib/libcups.2.dylib
0x00007ff810087000 	/System/Library/Frameworks/Kerberos.framework/Versions/A/Kerberos
0x00007ff810096000 	/System/Library/Frameworks/GSS.framework/Versions/A/GSS
0x00007ff80fa24000 	/usr/lib/libresolv.9.dylib
0x00007ff80deb1000 	/System/Library/PrivateFrameworks/Heimdal.framework/Versions/A/Heimdal
0x00007ff816b3a000 	/System/Library/Frameworks/Kerberos.framework/Versions/A/Libraries/libHeimdalProxy.dylib
0x00007ff808660000 	/System/Library/Frameworks/Network.framework/Versions/A/Network
0x00007ff80d908000 	/usr/lib/libheimdal-asn1.dylib
0x00007ff8100e1000 	/System/Library/PrivateFrameworks/CommonAuth.framework/Versions/A/CommonAuth
0x00007ff80f929000 	/System/Library/PrivateFrameworks/AudioSession.framework/Versions/A/AudioSession
0x00007ff80d998000 	/System/Library/PrivateFrameworks/MediaExperience.framework/Versions/A/MediaExperience
0x00007ff80f7bd000 	/System/Library/PrivateFrameworks/AudioSession.framework/libSessionUtility.dylib
0x00007ff80fd43000 	/System/Library/PrivateFrameworks/AudioResourceArbitration.framework/Versions/A/AudioResourceArbitration
0x00007ff80d911000 	/System/Library/PrivateFrameworks/IconFoundation.framework/Versions/A/IconFoundation
0x00007ff812b1d000 	/System/Library/PrivateFrameworks/SpeechRecognitionCore.framework/Versions/A/SpeechRecognitionCore
0x0000000108759000 	/Library/Java/JavaVirtualMachines/jdk1.8.0_301.jdk/Contents/Home/jre/lib/server/libjvm.dylib
0x000000010799d000 	/Library/Java/JavaVirtualMachines/jdk1.8.0_301.jdk/Contents/Home/jre/lib/libverify.dylib
0x00000001079e1000 	/Library/Java/JavaVirtualMachines/jdk1.8.0_301.jdk/Contents/Home/jre/lib/libjava.dylib
0x0000000107a14000 	/Library/Java/JavaVirtualMachines/jdk1.8.0_301.jdk/Contents/Home/jre/lib/libinstrument.dylib
0x00000001079bb000 	/Library/Java/JavaVirtualMachines/jdk1.8.0_301.jdk/Contents/Home/jre/lib/libzip.dylib
0x000000010873c000 	/Library/Java/JavaVirtualMachines/jdk1.8.0_301.jdk/Contents/Home/jre/lib/libnet.dylib
0x000000010c9f2000 	/Library/Java/JavaVirtualMachines/jdk1.8.0_301.jdk/Contents/Home/jre/lib/libprism_es2.dylib
0x00007ff8047cb000 	/System/Library/PrivateFrameworks/CoreServicesInternal.framework/Versions/A/CoreServicesInternal
0x00007ffa19b0b000 	/System/Library/Frameworks/OpenGL.framework/Versions/A/Resources/GLEngine.bundle/GLEngine
0x00007ffa1996d000 	/System/Library/Frameworks/OpenGL.framework/Versions/A/Libraries/libGLProgrammability.dylib
0x00007ffa0dd36000 	/System/Library/Extensions/AppleIntelKBLGraphicsGLDriver.bundle/Contents/MacOS/AppleIntelKBLGraphicsGLDriver
0x00007ff911452000 	/System/Library/PrivateFrameworks/GPUSupport.framework/Versions/A/Libraries/libGPUSupportMercury.dylib
0x00007ffa19c9a000 	/System/Library/Frameworks/OpenGL.framework/Versions/A/Resources/GLRendererFloat.bundle/GLRendererFloat
0x000000010ced4000 	/Library/Java/JavaVirtualMachines/jdk1.8.0_301.jdk/Contents/Home/jre/lib/libglass.dylib
0x00007ff8142ee000 	/System/Library/Frameworks/FileProvider.framework/Versions/A/FileProvider
0x00007ff80843f000 	/System/Library/Frameworks/Accounts.framework/Versions/A/Accounts
0x00007ff814466000 	/System/Library/PrivateFrameworks/GenerationalStorage.framework/Versions/A/GenerationalStorage
0x00007ff814f73000 	/System/Library/PrivateFrameworks/CoreSymbolication.framework/Versions/A/CoreSymbolication
0x00007ff813cf2000 	/System/Library/PrivateFrameworks/SymptomDiagnosticReporter.framework/Versions/A/SymptomDiagnosticReporter
0x00007ff805a8a000 	/System/Library/PrivateFrameworks/DesktopServicesPriv.framework/Versions/A/DesktopServicesPriv
0x00007ff80490c000 	/usr/lib/libsandbox.1.dylib
0x00007ff809754000 	/System/Library/PrivateFrameworks/UserManagement.framework/Versions/A/UserManagement
0x00007ff814f38000 	/System/Library/PrivateFrameworks/DebugSymbols.framework/Versions/A/DebugSymbols
0x00007ff80fd24000 	/System/Library/PrivateFrameworks/NetAuth.framework/Versions/A/NetAuth
0x00007ff810c10000 	/System/Library/PrivateFrameworks/Sharing.framework/Versions/A/Sharing
0x00007ff809727000 	/System/Library/PrivateFrameworks/login.framework/Versions/A/Frameworks/loginsupport.framework/Versions/A/loginsupport
0x00007ff816070000 	/System/Library/PrivateFrameworks/Apple80211.framework/Versions/A/Apple80211
0x00007ff80c9c3000 	/System/Library/PrivateFrameworks/AuthKit.framework/Versions/A/AuthKit
0x00007ff80c022000 	/System/Library/PrivateFrameworks/CoreUtils.framework/Versions/A/CoreUtils
0x00007ff80bf49000 	/System/Library/Frameworks/CoreWLAN.framework/Versions/A/CoreWLAN
0x00007ff810d6b000 	/System/Library/Frameworks/IOBluetooth.framework/Versions/A/IOBluetooth
0x00007ff8160d8000 	/System/Library/PrivateFrameworks/CoreWiFi.framework/Versions/A/CoreWiFi
0x00007ff814b0d000 	/System/Library/PrivateFrameworks/FrontBoardServices.framework/Versions/A/FrontBoardServices
0x00007ff814b9f000 	/System/Library/PrivateFrameworks/BoardServices.framework/Versions/A/BoardServices
0x00007ff80c23c000 	/System/Library/PrivateFrameworks/AssertionServices.framework/Versions/A/AssertionServices
0x00007ff81625c000 	/System/Library/PrivateFrameworks/BackBoardServices.framework/Versions/A/BackBoardServices
0x00007ff810170000 	/System/Library/PrivateFrameworks/CorePhoneNumbers.framework/Versions/A/CorePhoneNumbers
0x00007ff813e0f000 	/System/Library/PrivateFrameworks/DiskManagement.framework/Versions/A/DiskManagement
0x00007ff813d23000 	/System/Library/PrivateFrameworks/AppleIDAuthSupport.framework/Versions/A/AppleIDAuthSupport
0x00007ffa2043e000 	/System/Library/PrivateFrameworks/AAAFoundation.framework/Versions/A/AAAFoundation
0x00007ff810151000 	/System/Library/PrivateFrameworks/KeychainCircle.framework/Versions/A/KeychainCircle
0x00007ff813ddb000 	/System/Library/PrivateFrameworks/MediaKit.framework/Versions/A/MediaKit
0x00007ff813d2f000 	/System/Library/Frameworks/DiscRecording.framework/Versions/A/DiscRecording
0x00007ff80d816000 	/usr/lib/libCoreStorage.dylib
0x00007ff816549000 	/usr/lib/libcsfde.dylib
0x00007ff810e38000 	/System/Library/PrivateFrameworks/ProtectedCloudStorage.framework/Versions/A/ProtectedCloudStorage
0x00007ff816545000 	/System/Library/PrivateFrameworks/EFILogin.framework/Versions/A/EFILogin
0x00007ff81448c000 	/System/Library/PrivateFrameworks/OctagonTrust.framework/Versions/A/OctagonTrust
0x00007ffb04c0c000 	/System/Library/PrivateFrameworks/CoreUtilsExtras.framework/Versions/A/CoreUtilsExtras
0x00007ff813c62000 	/System/Library/Frameworks/CoreBluetooth.framework/Versions/A/CoreBluetooth
0x00007ff816bbf000 	/System/Library/Frameworks/AudioUnit.framework/Versions/A/AudioUnit
0x00007ff80d80e000 	/usr/lib/libMatch.1.dylib
0x00007ff90ba3c000 	/System/Library/Frameworks/Accelerate.framework/Versions/A/Frameworks/vImage.framework/Versions/A/Libraries/libCGInterfaces.dylib
0x000000010ea96000 	/usr/lib/libobjc-trampolines.dylib
0x00007ffb174d6000 	/usr/lib/libRosetta.dylib
0x00007ff80944e000 	/System/Library/PrivateFrameworks/ViewBridge.framework/Versions/A/ViewBridge
0x00007ff80df6b000 	/System/Library/PrivateFrameworks/login.framework/Versions/A/login
0x000000012825d000 	/Library/Java/JavaVirtualMachines/jdk1.8.0_301.jdk/Contents/Home/jre/lib/libjavafx_font.dylib
0x000000012b097000 	/Library/Java/JavaVirtualMachines/jdk1.8.0_301.jdk/Contents/Home/jre/lib/libprism_common.dylib
0x00007ffa20af4000 	/System/Library/PrivateFrameworks/AccessibilityBundles.framework/Versions/A/AccessibilityBundles

VM Arguments:
jvm_args: -javaagent:/Applications/IntelliJ IDEA.app/Contents/lib/idea_rt.jar=55653:/Applications/IntelliJ IDEA.app/Contents/bin -Dfile.encoding=UTF-8 
java_command: Flappy.App
java_class_path (initial): /Library/Java/JavaVirtualMachines/jdk1.8.0_301.jdk/Contents/Home/jre/lib/charsets.jar:/Library/Java/JavaVirtualMachines/jdk1.8.0_301.jdk/Contents/Home/jre/lib/deploy.jar:/Library/Java/JavaVirtualMachines/jdk1.8.0_301.jdk/Contents/Home/jre/lib/ext/cldrdata.jar:/Library/Java/JavaVirtualMachines/jdk1.8.0_301.jdk/Contents/Home/jre/lib/ext/dnsns.jar:/Library/Java/JavaVirtualMachines/jdk1.8.0_301.jdk/Contents/Home/jre/lib/ext/jaccess.jar:/Library/Java/JavaVirtualMachines/jdk1.8.0_301.jdk/Contents/Home/jre/lib/ext/jfxrt.jar:/Library/Java/JavaVirtualMachines/jdk1.8.0_301.jdk/Contents/Home/jre/lib/ext/localedata.jar:/Library/Java/JavaVirtualMachines/jdk1.8.0_301.jdk/Contents/Home/jre/lib/ext/nashorn.jar:/Library/Java/JavaVirtualMachines/jdk1.8.0_301.jdk/Contents/Home/jre/lib/ext/sunec.jar:/Library/Java/JavaVirtualMachines/jdk1.8.0_301.jdk/Contents/Home/jre/lib/ext/sunjce_provider.jar:/Library/Java/JavaVirtualMachines/jdk1.8.0_301.jdk/Contents/Home/jre/lib/ext/sunpkcs11.jar:/Library/Java/JavaVirtualMachines/jdk1.8.0_301.jdk/Contents/Home/jre/lib/ext/zipfs.jar:/Library/Java/JavaVirtualMachines/jdk1.8.0_301.jdk/Contents/Home/jre/lib/javaws.jar:/Library/Java/JavaVirtualMachines/jdk1.8.0_301.jdk/Contents/Home/jre/lib/jce.jar:/Library/Java/JavaVirtualMachines/jdk1.8.0_301.jdk/Contents/Home/jre/lib/jfr.jar:/Library/Java/JavaVirtualMachines/jdk1.8.0_301.jdk/Contents/Home/jre/lib/jfxswt.jar:/Library/Java/JavaVirtualMachines/jdk1.8.0_301.jdk/Contents/Home/jre/lib/jsse.jar:/Library/Java/JavaVirtualMachines/jdk1.8.0_301.jdk/Contents/Home/jre/lib/management-agent.jar:/Library/Java/JavaVirtualMachines/jdk1.8.0_301.jdk/Contents/Home/jre/lib/plugin.jar:/Library/Java/JavaVirtualMachines/jdk1.8.0_301.jdk/Contents/Home/jre/lib/resources.jar:/Library/Java/JavaVirtualMachines/jdk1.8.0_301.jdk/Contents/Home/jre/lib/rt.jar:/Library/Java/JavaVirtualMachines/jdk1.8.0_301.jdk/Contents/Home/lib/ant-javafx.jar:/Library/Java/JavaVirtualMachines/jdk1.8.0_301.jdk/Contents/Home
Launcher Type: SUN_STANDARD

Environment Variables:
PATH=/opt/local/bin:/opt/local/sbin:/Library/Frameworks/Python.framework/Versions/3.8/bin:/Library/Frameworks/Python.framework/Versions/3.9/bin:/usr/local/bin:/usr/bin:/bin:/usr/sbin:/sbin:/usr/local/share/dotnet:~/.dotnet/tools:/Library/Apple/usr/bin
SHELL=/bin/zsh

Signal Handlers:
SIGSEGV: [libjvm.dylib+0x59bf91], sa_mask[0]=11111111011111110111111111111111, sa_flags=SA_ONSTACK|SA_RESTART|SA_SIGINFO
SIGBUS: [libjvm.dylib+0x59bf91], sa_mask[0]=11111111011111110111111111111111, sa_flags=SA_RESTART|SA_SIGINFO
SIGFPE: [libjvm.dylib+0x48f9b7], sa_mask[0]=11111111011111110111111111111111, sa_flags=SA_RESTART|SA_SIGINFO
SIGPIPE: [libjvm.dylib+0x48f9b7], sa_mask[0]=11111111011111110111111111111111, sa_flags=SA_RESTART|SA_SIGINFO
SIGXFSZ: [libjvm.dylib+0x48f9b7], sa_mask[0]=11111111011111110111111111111111, sa_flags=SA_RESTART|SA_SIGINFO
SIGILL: [libjvm.dylib+0x48f9b7], sa_mask[0]=11111111011111110111111111111111, sa_flags=SA_RESTART|SA_SIGINFO
SIGUSR1: SIG_DFL, sa_mask[0]=00000000000000000000000000000000, sa_flags=none
SIGUSR2: [libjvm.dylib+0x4902a6], sa_mask[0]=00100000000000000000000000000000, sa_flags=SA_RESTART|SA_SIGINFO
SIGHUP: [libjvm.dylib+0x48e503], sa_mask[0]=11111111011111110111111111111111, sa_flags=SA_RESTART|SA_SIGINFO
SIGINT: [libjvm.dylib+0x48e503], sa_mask[0]=11111111011111110111111111111111, sa_flags=SA_RESTART|SA_SIGINFO
SIGTERM: [libjvm.dylib+0x48e503], sa_mask[0]=11111111011111110111111111111111, sa_flags=SA_RESTART|SA_SIGINFO
SIGQUIT: [libjvm.dylib+0x48e503], sa_mask[0]=11111111011111110111111111111111, sa_flags=SA_RESTART|SA_SIGINFO


---------------  S Y S T E M  ---------------

OS:Bsduname:Darwin 21.1.0 Darwin Kernel Version 21.1.0: Wed Oct 13 17:33:23 PDT 2021; root:xnu-8019.41.5~1/RELEASE_X86_64 x86_64
rlimit: STACK 8192k, CORE 0k, NPROC 2784, NOFILE 10240, AS infinity
load average:3.64 3.25 2.75

CPU:total 8 (initial active 8) (4 cores per cpu, 2 threads per core) family 6 model 142 stepping 10, cmov, cx8, fxsr, mmx, sse, sse2, sse3, ssse3, sse4.1, sse4.2, popcnt, avx, avx2, aes, clmul, erms, 3dnowpref, lzcnt, ht, tsc, tscinvbit, bmi1, bmi2, adx

Memory: 4k page, physical 16777216k(263132k free)

/proc/meminfo:


vm_info: Java HotSpot(TM) 64-Bit Server VM (25.301-b09) for bsd-amd64 JRE (1.8.0_301-b09), built on Jun  9 2021 14:35:36 by "java_re" with gcc 4.2.1 Compatible Apple LLVM 11.0.0 (clang-1100.0.33.17)

time: Sun Jan  2 08:52:28 2022
timezone: CET
elapsed time: 4.188329 seconds (0d 0h 0m 4s)

